<?xml version="1.0" encoding="UTF-8"?>
<testsuites name="Web Test Suite" time="1.041" tests="1" failures="0" errors="1">
   <testsuite name="Web Test Suite" tests="1" failures="0" errors="1" time="1.041" skipped="0" timestamp="01-04-2024T13:21:09" hostname="1913 - LAPTOP-419KGK7F.mshome.net" id="Test Suites/healt/Web Test Suite">
      <properties>
         <property name="deviceName" value=""/>
         <property name="devicePlatform" value=""/>
         <property name="logFolder" value="C:\\Users\\1913\\git\\Katalon-Test-Schedule\\Reports\\20240401_132059\\healt\\Web Test Suite\\20240401_132059"/>
         <property name="logFiles" value="C:\\Users\\1913\\git\\Katalon-Test-Schedule\\Reports\\20240401_132059\\healt\\Web Test Suite\\20240401_132059\\execution0.log"/>
         <property name="attachments" value=""/>
         <property name="hostName" value="1913 - LAPTOP-419KGK7F.mshome.net"/>
         <property name="hostAddress" value="192.168.137.1"/>
         <property name="os" value="Windows 11 64bit"/>
         <property name="katalonVersion" value="9.3.2.212"/>
      </properties>
      <testcase name="Test Cases/Web Test Case" time="0.764" classname="Test Cases/Web Test Case" status="ERROR">
         <error type="ERROR" message="org.codehaus.groovy.runtime.InvokerInvocationException: groovy.lang.MissingMethodException: No signature of method: com.kms.katalon.core.testcase.TestCase.run() is applicable for argument types: (null, com.kms.katalon.core.model.FailureHandling) values: [null, STOP_ON_FAILURE]&#xa;Possible solutions: find(), any(), dump(), grep(), wait(), find(groovy.lang.Closure)&#xa;	at com.kms.katalon.core.main.ScriptEngine.runScriptMethodAsRawText(ScriptEngine.java:133)&#xa;	at com.kms.katalon.core.main.TestSuiteExecutor.runMethod(TestSuiteExecutor.java:223)&#xa;	at com.kms.katalon.core.main.TestSuiteExecutor.lambda$0(TestSuiteExecutor.java:202)&#xa;	at com.kms.katalon.core.main.TestSuiteExecutor.invokeTestSuiteMethod(TestSuiteExecutor.java:201)&#xa;	at com.kms.katalon.core.main.TestSuiteExecutor.invokeEachTestCaseMethod(TestSuiteExecutor.java:185)&#xa;	at com.kms.katalon.core.main.TestCaseExecutor.invokeTestSuiteMethod(TestCaseExecutor.java:381)&#xa;	at com.kms.katalon.core.main.TestCaseExecutor.execute(TestCaseExecutor.java:276)&#xa;	at com.kms.katalon.core.common.CommonExecutor.accessTestCaseMainPhase(CommonExecutor.java:65)&#xa;	at com.kms.katalon.core.main.TestSuiteExecutor.accessTestSuiteMainPhase(TestSuiteExecutor.java:148)&#xa;	at com.kms.katalon.core.main.TestSuiteExecutor.execute(TestSuiteExecutor.java:106)&#xa;	at com.kms.katalon.core.main.TestCaseMain.startTestSuite(TestCaseMain.java:180)&#xa;	at TempTestSuite1711952459007.run(TempTestSuite1711952459007.groovy:35)&#xa;	at java.base/jdk.internal.reflect.NativeMethodAccessorImpl.invoke0(Native Method)&#xa;	at java.base/jdk.internal.reflect.NativeMethodAccessorImpl.invoke(NativeMethodAccessorImpl.java:77)&#xa;	at java.base/jdk.internal.reflect.DelegatingMethodAccessorImpl.invoke(DelegatingMethodAccessorImpl.java:43)&#xa;Caused by: groovy.lang.MissingMethodException: No signature of method: com.kms.katalon.core.testcase.TestCase.run() is applicable for argument types: (null, com.kms.katalon.core.model.FailureHandling) values: [null, STOP_ON_FAILURE]&#xa;Possible solutions: find(), any(), dump(), grep(), wait(), find(groovy.lang.Closure)&#xa;	at Web_Test_Suite.setupTestCase(Web%20Test%20Suite.groovy:59)&#xa;	at java.base/jdk.internal.reflect.NativeMethodAccessorImpl.invoke0(Native Method)&#xa;	at java.base/jdk.internal.reflect.NativeMethodAccessorImpl.invoke(NativeMethodAccessorImpl.java:77)&#xa;	at java.base/jdk.internal.reflect.DelegatingMethodAccessorImpl.invoke(DelegatingMethodAccessorImpl.java:43)&#xa;	... 15 more&#xa;"/>
         <system-out><![CDATA[01-04-2024T13:21:09 - [TEST_CASE][ERROR] - Test Cases/Web Test Case: org.codehaus.groovy.runtime.InvokerInvocationException: groovy.lang.MissingMethodException: No signature of method: com.kms.katalon.core.testcase.TestCase.run() is applicable for argument types: (null, com.kms.katalon.core.model.FailureHandling) values: [null, STOP_ON_FAILURE]
Possible solutions: find(), any(), dump(), grep(), wait(), find(groovy.lang.Closure)
	at com.kms.katalon.core.main.ScriptEngine.runScriptMethodAsRawText(ScriptEngine.java:133)
	at com.kms.katalon.core.main.TestSuiteExecutor.runMethod(TestSuiteExecutor.java:223)
	at com.kms.katalon.core.main.TestSuiteExecutor.lambda$0(TestSuiteExecutor.java:202)
	at com.kms.katalon.core.main.TestSuiteExecutor.invokeTestSuiteMethod(TestSuiteExecutor.java:201)
	at com.kms.katalon.core.main.TestSuiteExecutor.invokeEachTestCaseMethod(TestSuiteExecutor.java:185)
	at com.kms.katalon.core.main.TestCaseExecutor.invokeTestSuiteMethod(TestCaseExecutor.java:381)
	at com.kms.katalon.core.main.TestCaseExecutor.execute(TestCaseExecutor.java:276)
	at com.kms.katalon.core.common.CommonExecutor.accessTestCaseMainPhase(CommonExecutor.java:65)
	at com.kms.katalon.core.main.TestSuiteExecutor.accessTestSuiteMainPhase(TestSuiteExecutor.java:148)
	at com.kms.katalon.core.main.TestSuiteExecutor.execute(TestSuiteExecutor.java:106)
	at com.kms.katalon.core.main.TestCaseMain.startTestSuite(TestCaseMain.java:180)
	at TempTestSuite1711952459007.run(TempTestSuite1711952459007.groovy:35)
	at java.base/jdk.internal.reflect.NativeMethodAccessorImpl.invoke0(Native Method)
	at java.base/jdk.internal.reflect.NativeMethodAccessorImpl.invoke(NativeMethodAccessorImpl.java:77)
	at java.base/jdk.internal.reflect.DelegatingMethodAccessorImpl.invoke(DelegatingMethodAccessorImpl.java:43)
Caused by: groovy.lang.MissingMethodException: No signature of method: com.kms.katalon.core.testcase.TestCase.run() is applicable for argument types: (null, com.kms.katalon.core.model.FailureHandling) values: [null, STOP_ON_FAILURE]
Possible solutions: find(), any(), dump(), grep(), wait(), find(groovy.lang.Closure)
	at Web_Test_Suite.setupTestCase(Web%20Test%20Suite.groovy:59)
	at java.base/jdk.internal.reflect.NativeMethodAccessorImpl.invoke0(Native Method)
	at java.base/jdk.internal.reflect.NativeMethodAccessorImpl.invoke(NativeMethodAccessorImpl.java:77)
	at java.base/jdk.internal.reflect.DelegatingMethodAccessorImpl.invoke(DelegatingMethodAccessorImpl.java:43)
	... 15 more


01-04-2024T13:21:09 - [TEST_STEP][ERROR] - Start setup action : setupTestCase: groovy.lang.MissingMethodException: No signature of method: com.kms.katalon.core.testcase.TestCase.run() is applicable for argument types: (null, com.kms.katalon.core.model.FailureHandling) values: [null, STOP_ON_FAILURE]
Possible solutions: find(), any(), dump(), grep(), wait(), find(groovy.lang.Closure)

01-04-2024T13:21:10 - [TEST_STEP][PASSED] - testCase = findTestCase("Test Cases/Web Test Case"): null

01-04-2024T13:21:10 - [TEST_STEP][PASSED] - testCase.run(null, STOP_ON_FAILURE): null

01-04-2024T13:21:10 - [MESSAGE][ERROR] - groovy.lang.MissingMethodException: No signature of method: com.kms.katalon.core.testcase.TestCase.run() is applicable for argument types: (null, com.kms.katalon.core.model.FailureHandling) values: [null, STOP_ON_FAILURE]
Possible solutions: find(), any(), dump(), grep(), wait(), find(groovy.lang.Closure)]]></system-out>
         <system-err><![CDATA[01-04-2024T13:21:09 - [TEST_CASE][ERROR] - Test Cases/Web Test Case: org.codehaus.groovy.runtime.InvokerInvocationException: groovy.lang.MissingMethodException: No signature of method: com.kms.katalon.core.testcase.TestCase.run() is applicable for argument types: (null, com.kms.katalon.core.model.FailureHandling) values: [null, STOP_ON_FAILURE]
Possible solutions: find(), any(), dump(), grep(), wait(), find(groovy.lang.Closure)
	at com.kms.katalon.core.main.ScriptEngine.runScriptMethodAsRawText(ScriptEngine.java:133)
	at com.kms.katalon.core.main.TestSuiteExecutor.runMethod(TestSuiteExecutor.java:223)
	at com.kms.katalon.core.main.TestSuiteExecutor.lambda$0(TestSuiteExecutor.java:202)
	at com.kms.katalon.core.main.TestSuiteExecutor.invokeTestSuiteMethod(TestSuiteExecutor.java:201)
	at com.kms.katalon.core.main.TestSuiteExecutor.invokeEachTestCaseMethod(TestSuiteExecutor.java:185)
	at com.kms.katalon.core.main.TestCaseExecutor.invokeTestSuiteMethod(TestCaseExecutor.java:381)
	at com.kms.katalon.core.main.TestCaseExecutor.execute(TestCaseExecutor.java:276)
	at com.kms.katalon.core.common.CommonExecutor.accessTestCaseMainPhase(CommonExecutor.java:65)
	at com.kms.katalon.core.main.TestSuiteExecutor.accessTestSuiteMainPhase(TestSuiteExecutor.java:148)
	at com.kms.katalon.core.main.TestSuiteExecutor.execute(TestSuiteExecutor.java:106)
	at com.kms.katalon.core.main.TestCaseMain.startTestSuite(TestCaseMain.java:180)
	at TempTestSuite1711952459007.run(TempTestSuite1711952459007.groovy:35)
	at java.base/jdk.internal.reflect.NativeMethodAccessorImpl.invoke0(Native Method)
	at java.base/jdk.internal.reflect.NativeMethodAccessorImpl.invoke(NativeMethodAccessorImpl.java:77)
	at java.base/jdk.internal.reflect.DelegatingMethodAccessorImpl.invoke(DelegatingMethodAccessorImpl.java:43)
Caused by: groovy.lang.MissingMethodException: No signature of method: com.kms.katalon.core.testcase.TestCase.run() is applicable for argument types: (null, com.kms.katalon.core.model.FailureHandling) values: [null, STOP_ON_FAILURE]
Possible solutions: find(), any(), dump(), grep(), wait(), find(groovy.lang.Closure)
	at Web_Test_Suite.setupTestCase(Web%20Test%20Suite.groovy:59)
	at java.base/jdk.internal.reflect.NativeMethodAccessorImpl.invoke0(Native Method)
	at java.base/jdk.internal.reflect.NativeMethodAccessorImpl.invoke(NativeMethodAccessorImpl.java:77)
	at java.base/jdk.internal.reflect.DelegatingMethodAccessorImpl.invoke(DelegatingMethodAccessorImpl.java:43)
	... 15 more]]></system-err>
      </testcase>
      <system-out><![CDATA[01-04-2024T13:21:09 - [TEST_SUITE][ERROR] - Web Test Suite: org.codehaus.groovy.runtime.InvokerInvocationException: groovy.lang.MissingMethodException: No signature of method: com.kms.katalon.core.testcase.TestCase.run() is applicable for argument types: (null, com.kms.katalon.core.model.FailureHandling) values: [null, STOP_ON_FAILURE]
Possible solutions: find(), any(), dump(), grep(), wait(), find(groovy.lang.Closure)
	at com.kms.katalon.core.main.ScriptEngine.runScriptMethodAsRawText(ScriptEngine.java:133)
	at com.kms.katalon.core.main.TestSuiteExecutor.runMethod(TestSuiteExecutor.java:223)
	at com.kms.katalon.core.main.TestSuiteExecutor.lambda$0(TestSuiteExecutor.java:202)
	at com.kms.katalon.core.main.TestSuiteExecutor.invokeTestSuiteMethod(TestSuiteExecutor.java:201)
	at com.kms.katalon.core.main.TestSuiteExecutor.invokeEachTestCaseMethod(TestSuiteExecutor.java:185)
	at com.kms.katalon.core.main.TestCaseExecutor.invokeTestSuiteMethod(TestCaseExecutor.java:381)
	at com.kms.katalon.core.main.TestCaseExecutor.execute(TestCaseExecutor.java:276)
	at com.kms.katalon.core.common.CommonExecutor.accessTestCaseMainPhase(CommonExecutor.java:65)
	at com.kms.katalon.core.main.TestSuiteExecutor.accessTestSuiteMainPhase(TestSuiteExecutor.java:148)
	at com.kms.katalon.core.main.TestSuiteExecutor.execute(TestSuiteExecutor.java:106)
	at com.kms.katalon.core.main.TestCaseMain.startTestSuite(TestCaseMain.java:180)
	at TempTestSuite1711952459007.run(TempTestSuite1711952459007.groovy:35)
	at java.base/jdk.internal.reflect.NativeMethodAccessorImpl.invoke0(Native Method)
	at java.base/jdk.internal.reflect.NativeMethodAccessorImpl.invoke(NativeMethodAccessorImpl.java:77)
	at java.base/jdk.internal.reflect.DelegatingMethodAccessorImpl.invoke(DelegatingMethodAccessorImpl.java:43)
Caused by: groovy.lang.MissingMethodException: No signature of method: com.kms.katalon.core.testcase.TestCase.run() is applicable for argument types: (null, com.kms.katalon.core.model.FailureHandling) values: [null, STOP_ON_FAILURE]
Possible solutions: find(), any(), dump(), grep(), wait(), find(groovy.lang.Closure)
	at Web_Test_Suite.setupTestCase(Web%20Test%20Suite.groovy:59)
	at java.base/jdk.internal.reflect.NativeMethodAccessorImpl.invoke0(Native Method)
	at java.base/jdk.internal.reflect.NativeMethodAccessorImpl.invoke(NativeMethodAccessorImpl.java:77)
	at java.base/jdk.internal.reflect.DelegatingMethodAccessorImpl.invoke(DelegatingMethodAccessorImpl.java:43)
	... 15 more]]></system-out>
      <system-err><![CDATA[01-04-2024T13:21:09 - [TEST_SUITE][ERROR] - Web Test Suite: org.codehaus.groovy.runtime.InvokerInvocationException: groovy.lang.MissingMethodException: No signature of method: com.kms.katalon.core.testcase.TestCase.run() is applicable for argument types: (null, com.kms.katalon.core.model.FailureHandling) values: [null, STOP_ON_FAILURE]
Possible solutions: find(), any(), dump(), grep(), wait(), find(groovy.lang.Closure)
	at com.kms.katalon.core.main.ScriptEngine.runScriptMethodAsRawText(ScriptEngine.java:133)
	at com.kms.katalon.core.main.TestSuiteExecutor.runMethod(TestSuiteExecutor.java:223)
	at com.kms.katalon.core.main.TestSuiteExecutor.lambda$0(TestSuiteExecutor.java:202)
	at com.kms.katalon.core.main.TestSuiteExecutor.invokeTestSuiteMethod(TestSuiteExecutor.java:201)
	at com.kms.katalon.core.main.TestSuiteExecutor.invokeEachTestCaseMethod(TestSuiteExecutor.java:185)
	at com.kms.katalon.core.main.TestCaseExecutor.invokeTestSuiteMethod(TestCaseExecutor.java:381)
	at com.kms.katalon.core.main.TestCaseExecutor.execute(TestCaseExecutor.java:276)
	at com.kms.katalon.core.common.CommonExecutor.accessTestCaseMainPhase(CommonExecutor.java:65)
	at com.kms.katalon.core.main.TestSuiteExecutor.accessTestSuiteMainPhase(TestSuiteExecutor.java:148)
	at com.kms.katalon.core.main.TestSuiteExecutor.execute(TestSuiteExecutor.java:106)
	at com.kms.katalon.core.main.TestCaseMain.startTestSuite(TestCaseMain.java:180)
	at TempTestSuite1711952459007.run(TempTestSuite1711952459007.groovy:35)
	at java.base/jdk.internal.reflect.NativeMethodAccessorImpl.invoke0(Native Method)
	at java.base/jdk.internal.reflect.NativeMethodAccessorImpl.invoke(NativeMethodAccessorImpl.java:77)
	at java.base/jdk.internal.reflect.DelegatingMethodAccessorImpl.invoke(DelegatingMethodAccessorImpl.java:43)
Caused by: groovy.lang.MissingMethodException: No signature of method: com.kms.katalon.core.testcase.TestCase.run() is applicable for argument types: (null, com.kms.katalon.core.model.FailureHandling) values: [null, STOP_ON_FAILURE]
Possible solutions: find(), any(), dump(), grep(), wait(), find(groovy.lang.Closure)
	at Web_Test_Suite.setupTestCase(Web%20Test%20Suite.groovy:59)
	at java.base/jdk.internal.reflect.NativeMethodAccessorImpl.invoke0(Native Method)
	at java.base/jdk.internal.reflect.NativeMethodAccessorImpl.invoke(NativeMethodAccessorImpl.java:77)
	at java.base/jdk.internal.reflect.DelegatingMethodAccessorImpl.invoke(DelegatingMethodAccessorImpl.java:43)
	... 15 more]]></system-err>
   </testsuite>
</testsuites>
